This is pdfTeX, Version 3.141592653-2.6-1.40.27 (TeX Live 2025) (preloaded format=pdflatex 2026.2.24)  4 JUN 2026 19:01
entering extended mode
 restricted \write18 enabled.
 %&-line parsing enabled.
**main.tex
(./main.tex
LaTeX2e <2024-11-01> patch level 2
L3 programming layer <2025-01-18>
(/usr/local/texlive/2025/texmf-dist/tex/latex/base/article.cls
Document Class: article 2024/06/29 v1.4n Standard LaTeX document class
(/usr/local/texlive/2025/texmf-dist/tex/latex/base/size12.clo
File: size12.clo 2024/06/29 v1.4n Standard LaTeX file (size option)
)
\c@part=\count196
\c@section=\count197
\c@subsection=\count198
\c@subsubsection=\count199
\c@paragraph=\count266
\c@subparagraph=\count267
\c@figure=\count268
\c@table=\count269
\abovecaptionskip=\skip49
\belowcaptionskip=\skip50
\bibindent=\dimen141
)
(/usr/local/texlive/2025/texmf-dist/tex/latex/geometry/geometry.sty
Package: geometry 2020/01/02 v5.9 Page Geometry

(/usr/local/texlive/2025/texmf-dist/tex/latex/graphics/keyval.sty
Package: keyval 2022/05/29 v1.15 key=value parser (DPC)
\KV@toks@=\toks17
)
(/usr/local/texlive/2025/texmf-dist/tex/generic/iftex/ifvtex.sty
Package: ifvtex 2019/10/25 v1.7 ifvtex legacy package. Use iftex instead.

(/usr/local/texlive/2025/texmf-dist/tex/generic/iftex/iftex.sty
Package: iftex 2024/12/12 v1.0g TeX engine tests
))
\Gm@cnth=\count270
\Gm@cntv=\count271
\c@Gm@tempcnt=\count272
\Gm@bindingoffset=\dimen142
\Gm@wd@mp=\dimen143
\Gm@odd@mp=\dimen144
\Gm@even@mp=\dimen145
\Gm@layoutwidth=\dimen146
\Gm@layoutheight=\dimen147
\Gm@layouthoffset=\dimen148
\Gm@layoutvoffset=\dimen149
\Gm@dimlist=\toks18
)
(/usr/local/texlive/2025/texmf-dist/tex/latex/graphics/graphicx.sty
Package: graphicx 2021/09/16 v1.2d Enhanced LaTeX Graphics (DPC,SPQR)

(/usr/local/texlive/2025/texmf-dist/tex/latex/graphics/graphics.sty
Package: graphics 2024/08/06 v1.4g Standard LaTeX Graphics (DPC,SPQR)

(/usr/local/texlive/2025/texmf-dist/tex/latex/graphics/trig.sty
Package: trig 2023/12/02 v1.11 sin cos tan (DPC)
)
(/usr/local/texlive/2025/texmf-dist/tex/latex/graphics-cfg/graphics.cfg
File: graphics.cfg 2016/06/04 v1.11 sample graphics configuration
)
Package graphics Info: Driver file: pdftex.def on input line 106.

(/usr/local/texlive/2025/texmf-dist/tex/latex/graphics-def/pdftex.def
File: pdftex.def 2024/04/13 v1.2c Graphics/color driver for pdftex
))
\Gin@req@height=\dimen150
\Gin@req@width=\dimen151
)
(/usr/local/texlive/2025/texmf-dist/tex/latex/xcolor/xcolor.sty
Package: xcolor 2024/09/29 v3.02 LaTeX color extensions (UK)

(/usr/local/texlive/2025/texmf-dist/tex/latex/graphics-cfg/color.cfg
File: color.cfg 2016/01/02 v1.6 sample color configuration
)
Package xcolor Info: Driver file: pdftex.def on input line 274.

(/usr/local/texlive/2025/texmf-dist/tex/latex/graphics/mathcolor.ltx)
Package xcolor Info: Model `cmy' substituted by `cmy0' on input line 1349.
Package xcolor Info: Model `hsb' substituted by `rgb' on input line 1353.
Package xcolor Info: Model `RGB' extended on input line 1365.
Package xcolor Info: Model `HTML' substituted by `rgb' on input line 1367.
Package xcolor Info: Model `Hsb' substituted by `hsb' on input line 1368.
Package xcolor Info: Model `tHsb' substituted by `hsb' on input line 1369.
Package xcolor Info: Model `HSB' substituted by `hsb' on input line 1370.
Package xcolor Info: Model `Gray' substituted by `gray' on input line 1371.
Package xcolor Info: Model `wave' substituted by `hsb' on input line 1372.
)
(/usr/local/texlive/2025/texmf-dist/tex/latex/url/url.sty
\Urlmuskip=\muskip17
Package: url 2013/09/16  ver 3.4  Verb mode for urls, etc.
)
(/usr/local/texlive/2025/texmf-dist/tex/latex/hyperref/hyperref.sty
Package: hyperref 2024-11-05 v7.01l Hypertext links for LaTeX

(/usr/local/texlive/2025/texmf-dist/tex/latex/kvsetkeys/kvsetkeys.sty
Package: kvsetkeys 2022-10-05 v1.19 Key value parser (HO)
)
(/usr/local/texlive/2025/texmf-dist/tex/generic/kvdefinekeys/kvdefinekeys.sty
Package: kvdefinekeys 2019-12-19 v1.6 Define keys (HO)
)
(/usr/local/texlive/2025/texmf-dist/tex/generic/pdfescape/pdfescape.sty
Package: pdfescape 2019/12/09 v1.15 Implements pdfTeX's escape features (HO)

(/usr/local/texlive/2025/texmf-dist/tex/generic/ltxcmds/ltxcmds.sty
Package: ltxcmds 2023-12-04 v1.26 LaTeX kernel commands for general use (HO)
)
(/usr/local/texlive/2025/texmf-dist/tex/generic/pdftexcmds/pdftexcmds.sty
Package: pdftexcmds 2020-06-27 v0.33 Utility functions of pdfTeX for LuaTeX (HO
)

(/usr/local/texlive/2025/texmf-dist/tex/generic/infwarerr/infwarerr.sty
Package: infwarerr 2019/12/03 v1.5 Providing info/warning/error messages (HO)
)
Package pdftexcmds Info: \pdf@primitive is available.
Package pdftexcmds Info: \pdf@ifprimitive is available.
Package pdftexcmds Info: \pdfdraftmode found.
))
(/usr/local/texlive/2025/texmf-dist/tex/latex/hycolor/hycolor.sty
Package: hycolor 2020-01-27 v1.10 Color options for hyperref/bookmark (HO)
)
(/usr/local/texlive/2025/texmf-dist/tex/latex/hyperref/nameref.sty
Package: nameref 2023-11-26 v2.56 Cross-referencing by name of section

(/usr/local/texlive/2025/texmf-dist/tex/latex/refcount/refcount.sty
Package: refcount 2019/12/15 v3.6 Data extraction from label references (HO)
)
(/usr/local/texlive/2025/texmf-dist/tex/generic/gettitlestring/gettitlestring.s
ty
Package: gettitlestring 2019/12/15 v1.6 Cleanup title references (HO)
 (/usr/local/texlive/2025/texmf-dist/tex/latex/kvoptions/kvoptions.sty
Package: kvoptions 2022-06-15 v3.15 Key value format for package options (HO)
))
\c@section@level=\count273
)
(/usr/local/texlive/2025/texmf-dist/tex/latex/etoolbox/etoolbox.sty
Package: etoolbox 2025/02/11 v2.5l e-TeX tools for LaTeX (JAW)
\etb@tempcnta=\count274
)
(/usr/local/texlive/2025/texmf-dist/tex/generic/stringenc/stringenc.sty
Package: stringenc 2019/11/29 v1.12 Convert strings between diff. encodings (HO
)
)
\@linkdim=\dimen152
\Hy@linkcounter=\count275
\Hy@pagecounter=\count276

(/usr/local/texlive/2025/texmf-dist/tex/latex/hyperref/pd1enc.def
File: pd1enc.def 2024-11-05 v7.01l Hyperref: PDFDocEncoding definition (HO)
Now handling font encoding PD1 ...
... no UTF-8 mapping file for font encoding PD1
)
(/usr/local/texlive/2025/texmf-dist/tex/generic/intcalc/intcalc.sty
Package: intcalc 2019/12/15 v1.3 Expandable calculations with integers (HO)
)
\Hy@SavedSpaceFactor=\count277

(/usr/local/texlive/2025/texmf-dist/tex/latex/hyperref/puenc.def
File: puenc.def 2024-11-05 v7.01l Hyperref: PDF Unicode definition (HO)
Now handling font encoding PU ...
... no UTF-8 mapping file for font encoding PU
)
Package hyperref Info: Hyper figures OFF on input line 4157.
Package hyperref Info: Link nesting OFF on input line 4162.
Package hyperref Info: Hyper index ON on input line 4165.
Package hyperref Info: Plain pages OFF on input line 4172.
Package hyperref Info: Backreferencing OFF on input line 4177.
Package hyperref Info: Implicit mode ON; LaTeX internals redefined.
Package hyperref Info: Bookmarks ON on input line 4424.
\c@Hy@tempcnt=\count278
LaTeX Info: Redefining \url on input line 4763.
\XeTeXLinkMargin=\dimen153

(/usr/local/texlive/2025/texmf-dist/tex/generic/bitset/bitset.sty
Package: bitset 2019/12/09 v1.3 Handle bit-vector datatype (HO)

(/usr/local/texlive/2025/texmf-dist/tex/generic/bigintcalc/bigintcalc.sty
Package: bigintcalc 2019/12/15 v1.5 Expandable calculations on big integers (HO
)
))
\Fld@menulength=\count279
\Field@Width=\dimen154
\Fld@charsize=\dimen155
Package hyperref Info: Hyper figures OFF on input line 6042.
Package hyperref Info: Link nesting OFF on input line 6047.
Package hyperref Info: Hyper index ON on input line 6050.
Package hyperref Info: backreferencing OFF on input line 6057.
Package hyperref Info: Link coloring OFF on input line 6062.
Package hyperref Info: Link coloring with OCG OFF on input line 6067.
Package hyperref Info: PDF/A mode OFF on input line 6072.

(/usr/local/texlive/2025/texmf-dist/tex/latex/base/atbegshi-ltx.sty
Package: atbegshi-ltx 2021/01/10 v1.0c Emulation of the original atbegshi
package with kernel methods
)
\Hy@abspage=\count280
\c@Item=\count281
\c@Hfootnote=\count282
)
Package hyperref Info: Driver (autodetected): hpdftex.

(/usr/local/texlive/2025/texmf-dist/tex/latex/hyperref/hpdftex.def
File: hpdftex.def 2024-11-05 v7.01l Hyperref driver for pdfTeX

(/usr/local/texlive/2025/texmf-dist/tex/latex/base/atveryend-ltx.sty
Package: atveryend-ltx 2020/08/19 v1.0a Emulation of the original atveryend pac
kage
with kernel methods
)
\Fld@listcount=\count283
\c@bookmark@seq@number=\count284

(/usr/local/texlive/2025/texmf-dist/tex/latex/rerunfilecheck/rerunfilecheck.sty
Package: rerunfilecheck 2022-07-10 v1.10 Rerun checks for auxiliary files (HO)

(/usr/local/texlive/2025/texmf-dist/tex/generic/uniquecounter/uniquecounter.sty
Package: uniquecounter 2019/12/15 v1.4 Provide unlimited unique counter (HO)
)
Package uniquecounter Info: New unique counter `rerunfilecheck' on input line 2
85.
)
\Hy@SectionHShift=\skip51
) (/usr/local/texlive/2025/texmf-dist/tex/latex/base/inputenc.sty
Package: inputenc 2024/02/08 v1.3d Input encoding file
\inpenc@prehook=\toks19
\inpenc@posthook=\toks20
)
(/usr/local/texlive/2025/texmf-dist/tex/latex/biblatex/biblatex.sty
Package: biblatex 2024/03/21 v3.20 programmable bibliographies (PK/MW)

(/usr/local/texlive/2025/texmf-dist/tex/latex/logreq/logreq.sty
Package: logreq 2010/08/04 v1.0 xml request logger
\lrq@indent=\count285

(/usr/local/texlive/2025/texmf-dist/tex/latex/logreq/logreq.def
File: logreq.def 2010/08/04 v1.0 logreq spec v1.0
))
(/usr/local/texlive/2025/texmf-dist/tex/latex/base/ifthen.sty
Package: ifthen 2024/03/16 v1.1e Standard LaTeX ifthen package (DPC)
)
\c@tabx@nest=\count286
\c@listtotal=\count287
\c@listcount=\count288
\c@liststart=\count289
\c@liststop=\count290
\c@citecount=\count291
\c@citetotal=\count292
\c@multicitecount=\count293
\c@multicitetotal=\count294
\c@instcount=\count295
\c@maxnames=\count296
\c@minnames=\count297
\c@maxitems=\count298
\c@minitems=\count299
\c@citecounter=\count300
\c@maxcitecounter=\count301
\c@savedcitecounter=\count302
\c@uniquelist=\count303
\c@uniquename=\count304
\c@refsection=\count305
\c@refsegment=\count306
\c@maxextratitle=\count307
\c@maxextratitleyear=\count308
\c@maxextraname=\count309
\c@maxextradate=\count310
\c@maxextraalpha=\count311
\c@abbrvpenalty=\count312
\c@highnamepenalty=\count313
\c@lownamepenalty=\count314
\c@maxparens=\count315
\c@parenlevel=\count316
\blx@tempcnta=\count317
\blx@tempcntb=\count318
\blx@tempcntc=\count319
\c@blx@maxsection=\count320
\blx@maxsegment@0=\count321
\blx@notetype=\count322
\blx@parenlevel@text=\count323
\blx@parenlevel@foot=\count324
\blx@sectionciteorder@0=\count325
\blx@sectionciteorderinternal@0=\count326
\blx@entrysetcounter=\count327
\blx@biblioinstance=\count328
\labelnumberwidth=\skip52
\labelalphawidth=\skip53
\biblabelsep=\skip54
\bibitemsep=\skip55
\bibnamesep=\skip56
\bibinitsep=\skip57
\bibparsep=\skip58
\bibhang=\skip59
\blx@bcfin=\read2
\blx@bcfout=\write3
\blx@langwohyphens=\language90
\c@mincomprange=\count329
\c@maxcomprange=\count330
\c@mincompwidth=\count331
Package biblatex Info: Trying to load biblatex default data model...
Package biblatex Info: ... file 'blx-dm.def' found.

(/usr/local/texlive/2025/texmf-dist/tex/latex/biblatex/blx-dm.def
File: blx-dm.def 2024/03/21 v3.20 biblatex datamodel (PK/MW)
)
Package biblatex Info: Trying to load biblatex style data model...
Package biblatex Info: ... file 'apa.dbx' found.

(/usr/local/texlive/2025/texmf-dist/tex/latex/biblatex-apa/apa.dbx
File: apa.dbx 2023/03/20 v9.17 APA biblatex style data model
)
Package biblatex Info: Trying to load biblatex custom data model...
Package biblatex Info: ... file 'biblatex-dm.cfg' not found.
\c@afterword=\count332
\c@savedafterword=\count333
\c@annotator=\count334
\c@savedannotator=\count335
\c@author=\count336
\c@savedauthor=\count337
\c@bookauthor=\count338
\c@savedbookauthor=\count339
\c@commentator=\count340
\c@savedcommentator=\count341
\c@editor=\count342
\c@savededitor=\count343
\c@editora=\count344
\c@savededitora=\count345
\c@editorb=\count346
\c@savededitorb=\count347
\c@editorc=\count348
\c@savededitorc=\count349
\c@foreword=\count350
\c@savedforeword=\count351
\c@holder=\count352
\c@savedholder=\count353
\c@introduction=\count354
\c@savedintroduction=\count355
\c@namea=\count356
\c@savednamea=\count357
\c@nameb=\count358
\c@savednameb=\count359
\c@namec=\count360
\c@savednamec=\count361
\c@translator=\count362
\c@savedtranslator=\count363
\c@shortauthor=\count364
\c@savedshortauthor=\count365
\c@shorteditor=\count366
\c@savedshorteditor=\count367
\c@narrator=\count368
\c@savednarrator=\count369
\c@execproducer=\count370
\c@savedexecproducer=\count371
\c@execdirector=\count372
\c@savedexecdirector=\count373
\c@with=\count374
\c@savedwith=\count375
\c@labelname=\count376
\c@savedlabelname=\count377
\c@institution=\count378
\c@savedinstitution=\count379
\c@lista=\count380
\c@savedlista=\count381
\c@listb=\count382
\c@savedlistb=\count383
\c@listc=\count384
\c@savedlistc=\count385
\c@listd=\count386
\c@savedlistd=\count387
\c@liste=\count388
\c@savedliste=\count389
\c@listf=\count390
\c@savedlistf=\count391
\c@location=\count392
\c@savedlocation=\count393
\c@organization=\count394
\c@savedorganization=\count395
\c@origlocation=\count396
\c@savedoriglocation=\count397
\c@origpublisher=\count398
\c@savedorigpublisher=\count399
\c@publisher=\count400
\c@savedpublisher=\count401
\c@language=\count402
\c@savedlanguage=\count403
\c@origlanguage=\count404
\c@savedoriglanguage=\count405
\c@citation=\count406
\c@savedcitation=\count407
\c@pageref=\count408
\c@savedpageref=\count409
\shorthandwidth=\skip60
\shortjournalwidth=\skip61
\shortserieswidth=\skip62
\shorttitlewidth=\skip63
\shortauthorwidth=\skip64
\shorteditorwidth=\skip65
\locallabelnumberwidth=\skip66
\locallabelalphawidth=\skip67
\localshorthandwidth=\skip68
\localshortjournalwidth=\skip69
\localshortserieswidth=\skip70
\localshorttitlewidth=\skip71
\localshortauthorwidth=\skip72
\localshorteditorwidth=\skip73
Package biblatex Info: Trying to load compatibility code...
Package biblatex Info: ... file 'blx-compat.def' found.

(/usr/local/texlive/2025/texmf-dist/tex/latex/biblatex/blx-compat.def
File: blx-compat.def 2024/03/21 v3.20 biblatex compatibility (PK/MW)
)
Package biblatex Info: Trying to load generic definitions...
Package biblatex Info: ... file 'biblatex.def' found.

(/usr/local/texlive/2025/texmf-dist/tex/latex/biblatex/biblatex.def
File: biblatex.def 2024/03/21 v3.20 biblatex compatibility (PK/MW)
\c@textcitecount=\count410
\c@textcitetotal=\count411
\c@textcitemaxnames=\count412
\c@biburlbigbreakpenalty=\count413
\c@biburlbreakpenalty=\count414
\c@biburlnumpenalty=\count415
\c@biburlucpenalty=\count416
\c@biburllcpenalty=\count417
\biburlbigskip=\muskip18
\biburlnumskip=\muskip19
\biburlucskip=\muskip20
\biburllcskip=\muskip21
\c@smartand=\count418
)
Package biblatex Info: Trying to load bibliography style 'apa'...
Package biblatex Info: ... file 'apa.bbx' found.

(/usr/local/texlive/2025/texmf-dist/tex/latex/biblatex-apa/apa.bbx
File: apa.bbx 2023/03/20 v9.17 APA biblatex references style
Package biblatex Info: Trying to load bibliography style 'standard'...
Package biblatex Info: ... file 'standard.bbx' found.

(/usr/local/texlive/2025/texmf-dist/tex/latex/biblatex/bbx/standard.bbx
File: standard.bbx 2024/03/21 v3.20 biblatex bibliography style (PK/MW)
\c@bbx:relatedcount=\count419
\c@bbx:relatedtotal=\count420
)
Package biblatex Info: Delimiter 'nameyeardelim' in context 'bib' already defin
ed, overwriting.
Package biblatex Info: Delimiter 'nameyeardelim' in context 'biblist' already d
efined, overwriting.
Package biblatex Info: Delimiter 'nonameyeardelim' in context 'bib' already def
ined, overwriting.
Package biblatex Info: Delimiter 'nonameyeardelim' in context 'biblist' already
 defined, overwriting.
)
Package biblatex Info: Trying to load citation style 'apa'...
Package biblatex Info: ... file 'apa.cbx' found.

(/usr/local/texlive/2025/texmf-dist/tex/latex/biblatex-apa/apa.cbx
File: apa.cbx 2023/03/20 v9.17 APA biblatex citation style
Package biblatex Info: Delimiter 'nameyeardelim' in context '' already defined,
 overwriting.
Package biblatex Info: Delimiter 'andothersdelim' in context '' already defined
, overwriting.
Package biblatex Info: Redefining '\fullcite'.
Package biblatex Info: Redefining '\citeauthor'.
Package biblatex Info: Redefining '\citeyear'.
Package biblatex Info: Redefining '\cite'.
Package biblatex Info: Redefining '\cites'.
Package biblatex Info: Redefining '\parencite'.
Package biblatex Info: Redefining '\parencites'.
Package biblatex Info: Redefining '\footcite'.
Package biblatex Info: Redefining '\footcites'.
Package biblatex Info: Redefining '\footcitetext'.
Package biblatex Info: Redefining '\footcitetexts'.
Package biblatex Info: Redefining '\smartcite'.
Package biblatex Info: Redefining '\smartcites'.
Package biblatex Info: Redefining '\textcite'.
Package biblatex Info: Redefining '\textcites'.
)
Package biblatex Info: Trying to load configuration file...
Package biblatex Info: ... file 'biblatex.cfg' found.

(/usr/local/texlive/2025/texmf-dist/tex/latex/biblatex/biblatex.cfg
File: biblatex.cfg 
)
Package biblatex Info: Input encoding 'utf8' detected.
Package biblatex Info: Document encoding is UTF8 ....

(/usr/local/texlive/2025/texmf-dist/tex/latex/l3kernel/expl3.sty
Package: expl3 2025-01-18 L3 programming layer (loader) 

(/usr/local/texlive/2025/texmf-dist/tex/latex/l3backend/l3backend-pdftex.def
File: l3backend-pdftex.def 2024-05-08 L3 backend support: PDF output (pdfTeX)
\l__color_backend_stack_int=\count421
\l__pdf_internal_box=\box52
))
Package biblatex Info: ... and expl3
(biblatex)             2025-01-18 L3 programming layer (loader) 
(biblatex)             is new enough (at least 2020/04/06),
(biblatex)             setting 'casechanger=expl3'.

(/usr/local/texlive/2025/texmf-dist/tex/latex/biblatex/blx-case-expl3.sty
(/usr/local/texlive/2025/texmf-dist/tex/latex/l3packages/xparse/xparse.sty
Package: xparse 2024-08-16 L3 Experimental document command parser
)
Package: blx-case-expl3 2024/03/21 v3.20 expl3 case changing code for biblatex
))
(/usr/local/texlive/2025/texmf-dist/tex/latex/threeparttable/threeparttable.sty
Package: threeparttable 2003/06/13  v 3.0
\@tempboxb=\box53
) (/usr/local/texlive/2025/texmf-dist/tex/latex/psnfss/times.sty
Package: times 2020/03/25 PSNFSS-v9.3 (SPQR) 
)
(/usr/local/texlive/2025/texmf-dist/tex/latex/amsmath/amsmath.sty
Package: amsmath 2024/11/05 v2.17t AMS math features
\@mathmargin=\skip74

For additional information on amsmath, use the `?' option.
(/usr/local/texlive/2025/texmf-dist/tex/latex/amsmath/amstext.sty
Package: amstext 2021/08/26 v2.01 AMS text

(/usr/local/texlive/2025/texmf-dist/tex/latex/amsmath/amsgen.sty
File: amsgen.sty 1999/11/30 v2.0 generic functions
\@emptytoks=\toks21
\ex@=\dimen156
))
(/usr/local/texlive/2025/texmf-dist/tex/latex/amsmath/amsbsy.sty
Package: amsbsy 1999/11/29 v1.2d Bold Symbols
\pmbraise@=\dimen157
)
(/usr/local/texlive/2025/texmf-dist/tex/latex/amsmath/amsopn.sty
Package: amsopn 2022/04/08 v2.04 operator names
)
\inf@bad=\count422
LaTeX Info: Redefining \frac on input line 233.
\uproot@=\count423
\leftroot@=\count424
LaTeX Info: Redefining \overline on input line 398.
LaTeX Info: Redefining \colon on input line 409.
\classnum@=\count425
\DOTSCASE@=\count426
LaTeX Info: Redefining \ldots on input line 495.
LaTeX Info: Redefining \dots on input line 498.
LaTeX Info: Redefining \cdots on input line 619.
\Mathstrutbox@=\box54
\strutbox@=\box55
LaTeX Info: Redefining \big on input line 721.
LaTeX Info: Redefining \Big on input line 722.
LaTeX Info: Redefining \bigg on input line 723.
LaTeX Info: Redefining \Bigg on input line 724.
\big@size=\dimen158
LaTeX Font Info:    Redeclaring font encoding OML on input line 742.
LaTeX Font Info:    Redeclaring font encoding OMS on input line 743.
\macc@depth=\count427
LaTeX Info: Redefining \bmod on input line 904.
LaTeX Info: Redefining \pmod on input line 909.
LaTeX Info: Redefining \smash on input line 939.
LaTeX Info: Redefining \relbar on input line 969.
LaTeX Info: Redefining \Relbar on input line 970.
\c@MaxMatrixCols=\count428
\dotsspace@=\muskip22
\c@parentequation=\count429
\dspbrk@lvl=\count430
\tag@help=\toks22
\row@=\count431
\column@=\count432
\maxfields@=\count433
\andhelp@=\toks23
\eqnshift@=\dimen159
\alignsep@=\dimen160
\tagshift@=\dimen161
\tagwidth@=\dimen162
\totwidth@=\dimen163
\lineht@=\dimen164
\@envbody=\toks24
\multlinegap=\skip75
\multlinetaggap=\skip76
\mathdisplay@stack=\toks25
LaTeX Info: Redefining \[ on input line 2953.
LaTeX Info: Redefining \] on input line 2954.
)
(/usr/local/texlive/2025/texmf-dist/tex/latex/booktabs/booktabs.sty
Package: booktabs 2020/01/12 v1.61803398 Publication quality tables
\heavyrulewidth=\dimen165
\lightrulewidth=\dimen166
\cmidrulewidth=\dimen167
\belowrulesep=\dimen168
\belowbottomsep=\dimen169
\aboverulesep=\dimen170
\abovetopsep=\dimen171
\cmidrulesep=\dimen172
\cmidrulekern=\dimen173
\defaultaddspace=\dimen174
\@cmidla=\count434
\@cmidlb=\count435
\@aboverulesep=\dimen175
\@belowrulesep=\dimen176
\@thisruleclass=\count436
\@lastruleclass=\count437
\@thisrulewidth=\dimen177
)
(/usr/local/texlive/2025/texmf-dist/tex/latex/multirow/multirow.sty
Package: multirow 2024/11/12 v2.9 Span multiple rows of a table
\multirow@colwidth=\skip77
\multirow@cntb=\count438
\multirow@dima=\skip78
\bigstrutjot=\dimen178
)
(/usr/local/texlive/2025/texmf-dist/tex/latex/makecell/makecell.sty
Package: makecell 2009/08/03 V0.1e Managing of Tab Column Heads and Cells

(/usr/local/texlive/2025/texmf-dist/tex/latex/tools/array.sty
Package: array 2024/10/17 v2.6g Tabular extension package (FMi)
\col@sep=\dimen179
\ar@mcellbox=\box56
\extrarowheight=\dimen180
\NC@list=\toks26
\extratabsurround=\skip79
\backup@length=\skip80
\ar@cellbox=\box57
)
\rotheadsize=\dimen181
\c@nlinenum=\count439
\TeXr@lab=\toks27
)
(/usr/local/texlive/2025/texmf-dist/tex/latex/pdflscape/pdflscape.sty
Package: pdflscape 2022-10-27 v0.13 Display of landscape pages in PDF

(/usr/local/texlive/2025/texmf-dist/tex/latex/pdflscape/pdflscape-nometadata.st
y
Package: pdflscape-nometadata 2022-10-28 v0.13 Display of landscape pages in PD
F (HO)
 (/usr/local/texlive/2025/texmf-dist/tex/latex/graphics/lscape.sty
Package: lscape 2020/05/28 v3.02 Landscape Pages (DPC)
)
Package pdflscape Info: Auto-detected driver: pdftex on input line 81.
))
(/usr/local/texlive/2025/texmf-dist/tex/latex/tabu/tabu.sty
Package: tabu 2019/01/11 v2.9 - flexible LaTeX tabulars (FC+tabu-fixed)

(/usr/local/texlive/2025/texmf-dist/tex/latex/varwidth/varwidth.sty
Package: varwidth 2009/03/30 ver 0.92;  Variable-width minipages
\@vwid@box=\box58
\sift@deathcycles=\count440
\@vwid@loff=\dimen182
\@vwid@roff=\dimen183
)
\c@taburow=\count441
\tabu@nbcols=\count442
\tabu@cnt=\count443
\tabu@Xcol=\count444
\tabu@alloc=\count445
\tabu@nested=\count446
\tabu@target=\dimen184
\tabu@spreadtarget=\dimen185
\tabu@naturalX=\dimen186
\tabucolX=\dimen187
\tabu@Xsum=\dimen188
\extrarowdepth=\dimen189
\abovetabulinesep=\dimen190
\belowtabulinesep=\dimen191
\tabustrutrule=\dimen192
\tabu@thebody=\toks28
\tabu@footnotes=\toks29
\tabu@box=\box59
\tabu@arstrutbox=\box60
\tabu@hleads=\box61
\tabu@vleads=\box62
\tabu@cellskip=\skip81
)
(/usr/local/texlive/2025/texmf-dist/tex/latex/tools/longtable.sty
Package: longtable 2024-10-27 v4.22 Multi-page Table package (DPC)
\LTleft=\skip82
\LTright=\skip83
\LTpre=\skip84
\LTpost=\skip85
\LTchunksize=\count447
\LTcapwidth=\dimen193
\LT@head=\box63
\LT@firsthead=\box64
\LT@foot=\box65
\LT@lastfoot=\box66
\LT@gbox=\box67
\LT@cols=\count448
\LT@rows=\count449
\c@LT@tables=\count450
\c@LT@chunks=\count451
\LT@p@ftn=\toks30
)
(/usr/local/texlive/2025/texmf-dist/tex/latex/float/float.sty
Package: float 2001/11/08 v1.3d Float enhancements (AL)
\c@float@type=\count452
\float@exts=\toks31
\float@box=\box68
\@float@everytoks=\toks32
\@floatcapt=\box69
)
\@quotelevel=\count453
\@quotereset=\count454
LaTeX Font Info:    Trying to load font information for OT1+ptm on input line 3
2.

(/usr/local/texlive/2025/texmf-dist/tex/latex/psnfss/ot1ptm.fd
File: ot1ptm.fd 2001/06/04 font definitions for OT1/ptm.
) (./main.aux)
\openout1 = `main.aux'.

LaTeX Font Info:    Checking defaults for OML/cmm/m/it on input line 32.
LaTeX Font Info:    ... okay on input line 32.
LaTeX Font Info:    Checking defaults for OMS/cmsy/m/n on input line 32.
LaTeX Font Info:    ... okay on input line 32.
LaTeX Font Info:    Checking defaults for OT1/cmr/m/n on input line 32.
LaTeX Font Info:    ... okay on input line 32.
LaTeX Font Info:    Checking defaults for T1/cmr/m/n on input line 32.
LaTeX Font Info:    ... okay on input line 32.
LaTeX Font Info:    Checking defaults for TS1/cmr/m/n on input line 32.
LaTeX Font Info:    ... okay on input line 32.
LaTeX Font Info:    Checking defaults for OMX/cmex/m/n on input line 32.
LaTeX Font Info:    ... okay on input line 32.
LaTeX Font Info:    Checking defaults for U/cmr/m/n on input line 32.
LaTeX Font Info:    ... okay on input line 32.
LaTeX Font Info:    Checking defaults for PD1/pdf/m/n on input line 32.
LaTeX Font Info:    ... okay on input line 32.
LaTeX Font Info:    Checking defaults for PU/pdf/m/n on input line 32.
LaTeX Font Info:    ... okay on input line 32.

*geometry* driver: auto-detecting
*geometry* detected driver: pdftex
*geometry* verbose mode - [ preamble ] result:
* driver: pdftex
* paper: a4paper
* layout: <same size as paper>
* layoutoffset:(h,v)=(0.0pt,0.0pt)
* modes: 
* h-part:(L,W,R)=(72.2698pt, 452.96826pt, 72.2698pt)
* v-part:(T,H,B)=(72.2698pt, 700.50723pt, 72.2698pt)
* \paperwidth=597.50787pt
* \paperheight=845.04684pt
* \textwidth=452.96826pt
* \textheight=700.50723pt
* \oddsidemargin=-0.00018pt
* \evensidemargin=-0.00018pt
* \topmargin=-37.00018pt
* \headheight=12.0pt
* \headsep=25.0pt
* \topskip=12.0pt
* \footskip=30.0pt
* \marginparwidth=44.0pt
* \marginparsep=10.0pt
* \columnsep=10.0pt
* \skip\footins=10.8pt plus 4.0pt minus 2.0pt
* \hoffset=0.0pt
* \voffset=0.0pt
* \mag=1000
* \@twocolumnfalse
* \@twosidefalse
* \@mparswitchfalse
* \@reversemarginfalse
* (1in=72.27pt=25.4mm, 1cm=28.453pt)

(/usr/local/texlive/2025/texmf-dist/tex/context/base/mkii/supp-pdf.mkii
[Loading MPS to PDF converter (version 2006.09.02).]
\scratchcounter=\count455
\scratchdimen=\dimen194
\scratchbox=\box70
\nofMPsegments=\count456
\nofMParguments=\count457
\everyMPshowfont=\toks33
\MPscratchCnt=\count458
\MPscratchDim=\dimen195
\MPnumerator=\count459
\makeMPintoPDFobject=\count460
\everyMPtoPDFconversion=\toks34
) (/usr/local/texlive/2025/texmf-dist/tex/latex/epstopdf-pkg/epstopdf-base.sty
Package: epstopdf-base 2020-01-24 v2.11 Base part for package epstopdf
Package epstopdf-base Info: Redefining graphics rule for `.eps' on input line 4
85.

(/usr/local/texlive/2025/texmf-dist/tex/latex/latexconfig/epstopdf-sys.cfg
File: epstopdf-sys.cfg 2010/07/13 v1.3 Configuration of (r)epstopdf for TeX Liv
e
))
Package hyperref Info: Link coloring OFF on input line 32.

(./main.out) (./main.out)
\@outlinefile=\write4
\openout4 = `main.out'.

Package biblatex Info: Trying to load language 'english' -> 'english-apa'...
Package biblatex Info: ... file 'english-apa.lbx' found.

(/usr/local/texlive/2025/texmf-dist/tex/latex/biblatex-apa/english-apa.lbx
File: english-apa.lbx 2023/03/20 v9.17 APA biblatex localisation
Package biblatex Info: Trying to load language 'english'...
Package biblatex Info: ... file 'english.lbx' found.

(/usr/local/texlive/2025/texmf-dist/tex/latex/biblatex/lbx/english.lbx
File: english.lbx 2024/03/21 v3.20 biblatex localization (PK/MW)
)
Package biblatex Info: Trying to load language 'american' -> 'american-apa'...
Package biblatex Info: ... file 'american-apa.lbx' found.

(/usr/local/texlive/2025/texmf-dist/tex/latex/biblatex-apa/american-apa.lbx
File: american-apa.lbx 2023/03/20 v9.17 APA biblatex localisation
Package biblatex Info: Trying to load language 'american'...
Package biblatex Info: ... file 'american.lbx' found.

(/usr/local/texlive/2025/texmf-dist/tex/latex/biblatex/lbx/american.lbx
File: american.lbx 2024/03/21 v3.20 biblatex localization (PK/MW)
Package biblatex Info: Trying to load language 'english'...
Package biblatex Info: ... file 'english.lbx' found.

(/usr/local/texlive/2025/texmf-dist/tex/latex/biblatex/lbx/english.lbx
File: english.lbx 2024/03/21 v3.20 biblatex localization (PK/MW)
))))
Package biblatex Info: Input encoding 'utf8' detected.
Package biblatex Info: Automatic encoding selection.
(biblatex)             Assuming data encoding 'utf8'.
\openout3 = `main.bcf'.

Package biblatex Info: Trying to load bibliographic data...
Package biblatex Info: ... file 'main.bbl' not found.

No file main.bbl.
Package biblatex Info: Reference section=0 on input line 32.
Package biblatex Info: Reference segment=0 on input line 32.

LaTeX Warning: Citation 'sa_infl' on page 1 undefined on input line 39.


LaTeX Warning: Citation 'stern_ramkolowan' on page 1 undefined on input line 41
.


Underfull \hbox (badness 10000) in paragraph at lines 38--43

 []


LaTeX Warning: Citation 'obstfeld1995exchange' on page 1 undefined on input lin
e 46.


LaTeX Warning: Citation 'devereux2004endogenous' on page 1 undefined on input l
ine 48.

LaTeX Font Info:    Trying to load font information for OML+ptm on input line 4
8.
(/usr/local/texlive/2025/texmf-dist/tex/latex/psnfss/omlptm.fd
File: omlptm.fd 
)
LaTeX Font Info:    Font shape `OML/ptm/b/n' in size <12> not available
(Font)              Font shape `OML/cmm/b/it' tried instead on input line 48.


LaTeX Warning: Citation '' on page 1 undefined on input line 48.



[1

{/usr/local/texlive/2025/texmf-var/fonts/map/pdftex/updmap/pdftex.map}{/usr/loc
al/texlive/2025/texmf-dist/fonts/enc/dvips/base/8r.enc}]

LaTeX Warning: Citation 'NBERw9039' on page 2 undefined on input line 50.


Overfull \hbox (3.83109pt too wide) in paragraph at lines 50--51
[]\OT1/ptm/m/n/12 While ex-change rate sta-bil-ity may ex-plain dif-fer-ences i
n pass-through across coun-tries, industry-
 []


LaTeX Warning: Citation 'campa2005exchange' on page 2 undefined on input line 5
2.


LaTeX Warning: Citation '' on page 2 undefined on input line 52.


LaTeX Warning: Citation 'choudhri2015exchange' on page 2 undefined on input lin
e 52.


LaTeX Warning: Citation '' on page 2 undefined on input line 52.


LaTeX Warning: Citation 'shambaugh2008new' on page 2 undefined on input line 52
.


LaTeX Warning: Citation '' on page 2 undefined on input line 52.


Overfull \hbox (132.34991pt too wide) in paragraph at lines 52--53
[]\OT1/ptm/m/n/12 Exchange rate pass-through has pre-vi-ously been quan-ti-fied
 in a va-ri-ety of pa-pers. [][]
 []


LaTeX Warning: Citation 'dornbusch1985exchange' on page 2 undefined on input li
ne 58.


LaTeX Warning: Citation '' on page 2 undefined on input line 58.


LaTeX Warning: Citation 'krugman1986' on page 2 undefined on input line 58.


LaTeX Warning: Citation '' on page 2 undefined on input line 58.


LaTeX Warning: Citation 'marston1990pricing' on page 2 undefined on input line 
58.


LaTeX Warning: Citation '' on page 2 undefined on input line 58.



[2]

LaTeX Warning: Citation 'friberg1998currency' on page 3 undefined on input line
 60.


LaTeX Warning: Citation '' on page 3 undefined on input line 60.


LaTeX Warning: Citation 'engel-2006' on page 3 undefined on input line 60.


LaTeX Warning: Citation '' on page 3 undefined on input line 60.


LaTeX Warning: Citation 'devereux2004endogenous' on page 3 undefined on input l
ine 60.


LaTeX Warning: Citation '' on page 3 undefined on input line 60.


LaTeX Warning: Citation 'bacchetta2005theory' on page 3 undefined on input line
 60.


LaTeX Warning: Citation '' on page 3 undefined on input line 60.


LaTeX Warning: Citation 'taylor2000low' on page 3 undefined on input line 60.


LaTeX Warning: Citation '' on page 3 undefined on input line 60.


LaTeX Warning: Citation 'gagnon2004monetary' on page 3 undefined on input line 
60.


LaTeX Warning: Citation '' on page 3 undefined on input line 60.


LaTeX Warning: Citation 'ozkan2015time' on page 3 undefined on input line 60.


LaTeX Warning: Citation '' on page 3 undefined on input line 60.


Overfull \hbox (93.39723pt too wide) in paragraph at lines 60--61
\OT1/ptm/m/n/12 cord-ing to macroe-co-nomic fea-tures. In the par-tial equi-lib
-rium mod-els by [][]
 []


Overfull \hbox (101.47275pt too wide) in paragraph at lines 60--61
\OT1/ptm/m/n/12 in-cen-tivises PCP when pro-duc-tion costs are lo-cal, lead-ing
 to higher ERPT. [][]
 []


LaTeX Warning: Citation 'obstfeld1995exchange' on page 3 undefined on input lin
e 62.


LaTeX Warning: Citation 'obstfeld1998risk' on page 3 undefined on input line 62
.


LaTeX Warning: Citation '' on page 3 undefined on input line 62.


LaTeX Warning: Citation 'goldberg1997causes' on page 3 undefined on input line 
62.


LaTeX Warning: Citation '' on page 3 undefined on input line 62.


LaTeX Warning: Citation 'devereux2003monetary' on page 3 undefined on input lin
e 62.


LaTeX Warning: Citation '' on page 3 undefined on input line 62.


LaTeX Warning: Citation 'devereux2004endogenous' on page 3 undefined on input l
ine 62.


LaTeX Warning: Citation '' on page 3 undefined on input line 62.


LaTeX Warning: Citation 'betts2000exchange' on page 3 undefined on input line 6
2.


LaTeX Warning: Citation '' on page 3 undefined on input line 62.


Overfull \hbox (109.59677pt too wide) in paragraph at lines 62--63
[]\OT1/ptm/m/n/12 In the sem-i-nal in-ter-na-tional macroe-co-nomic mod-els by 
[]; [][],
 []


Overfull \hbox (154.41772pt too wide) in paragraph at lines 62--63
\OT1/ptm/m/n/12 expenditure-switching ben-e-fits of a float-ing ex-change rate,
 a point re-in-forced by [][].
 []



[3]

LaTeX Warning: Citation 'betts2000exchange' on page 4 undefined on input line 6
4.


LaTeX Warning: Citation '' on page 4 undefined on input line 64.


LaTeX Warning: Citation 'devereux2003monetary' on page 4 undefined on input lin
e 64.


LaTeX Warning: Citation '' on page 4 undefined on input line 64.


LaTeX Warning: Citation 'gopinath2010currency' on page 4 undefined on input lin
e 64.


LaTeX Warning: Citation '' on page 4 undefined on input line 64.


LaTeX Warning: Citation 'dornbusch1985exchange' on page 4 undefined on input li
ne 64.


LaTeX Warning: Citation '' on page 4 undefined on input line 64.


LaTeX Warning: Citation 'krugman1986' on page 4 undefined on input line 64.


LaTeX Warning: Citation '' on page 4 undefined on input line 64.


Overfull \hbox (41.78543pt too wide) in paragraph at lines 64--65
[]\OT1/ptm/m/n/12 As posited in [][] and [][],
 []


Overfull \hbox (3.02518pt too wide) in paragraph at lines 64--65
\OT1/ptm/m/n/12 pass-through. A study of US im-port trans-ac-tions by [][]
 []


Overfull \hbox (74.14877pt too wide) in paragraph at lines 64--65
\OT1/ptm/m/n/12 i-lar dy-nam-ics as those in [][] and [][]
 []


LaTeX Warning: Citation 'campa2005exchange' on page 4 undefined on input line 6
6.


LaTeX Warning: Citation '' on page 4 undefined on input line 66.


LaTeX Warning: Citation 'colavecchio2019non' on page 4 undefined on input line 
66.


LaTeX Warning: Citation '' on page 4 undefined on input line 66.


LaTeX Warning: Citation 'aronetal2012' on page 4 undefined on input line 66.


LaTeX Warning: Citation '' on page 4 undefined on input line 66.


LaTeX Warning: Citation 'campa2005exchange' on page 4 undefined on input line 6
6.


LaTeX Warning: Citation '' on page 4 undefined on input line 66.


LaTeX Warning: Citation 'Karoroetal2008' on page 4 undefined on input line 66.


LaTeX Warning: Citation 'kabundi2016exchange' on page 4 undefined on input line
 66.


LaTeX Warning: Citation 'mccarthy1999' on page 4 undefined on input line 68.


LaTeX Warning: Citation '' on page 4 undefined on input line 68.


LaTeX Warning: Citation 'choudhri2005explaining' on page 4 undefined on input l
ine 68.


LaTeX Warning: Citation '' on page 4 undefined on input line 68.


LaTeX Warning: Citation 'choudhri2015exchange' on page 4 undefined on input lin
e 68.


LaTeX Warning: Citation '' on page 4 undefined on input line 68.


LaTeX Warning: Citation 'hahn2003' on page 4 undefined on input line 68.


LaTeX Warning: Citation '' on page 4 undefined on input line 68.



[4]

LaTeX Warning: Citation 'burstein2003distribution' on page 5 undefined on input
 line 70.


LaTeX Warning: Citation '' on page 5 undefined on input line 70.


LaTeX Warning: Citation 'goldberg2010sensitivity' on page 5 undefined on input 
line 70.


LaTeX Warning: Citation '' on page 5 undefined on input line 70.


LaTeX Warning: Citation 'engel2002responsiveness' on page 5 undefined on input 
line 70.


LaTeX Warning: Citation '' on page 5 undefined on input line 70.


LaTeX Warning: Citation 'obstfeld2000new' on page 5 undefined on input line 70.



LaTeX Warning: Citation '' on page 5 undefined on input line 70.


Overfull \hbox (110.76093pt too wide) in paragraph at lines 70--71
\OT1/ptm/m/n/12 vi-a-tions in fi-nal con-sumer price in-dices from ex-change ra
te move-ments. [][]
 []


Overfull \hbox (100.87233pt too wide) in paragraph at lines 70--71
\OT1/ptm/m/n/12 showed sub-stan-tial dis-tri-bu-tion mar-gins in the US and Ar-
gentina, while [][]
 []


Overfull \hbox (134.221pt too wide) in paragraph at lines 70--71
\OT1/ptm/m/n/12 in-put of im-ported goods into the non-tradeable dis-tribu-tive
 goods or ser-vices. [][]
 []


Overfull \hbox (33.6384pt too wide) in paragraph at lines 70--71
\OT1/ptm/m/n/12 con-tri-bu-tion of non-tradables to pro-ducer and con-sumer bas
-kets [][].
 []


LaTeX Warning: Citation 'mccarthy1999' on page 5 undefined on input line 72.


LaTeX Warning: Citation '' on page 5 undefined on input line 72.


LaTeX Warning: Citation 'hahn2003' on page 5 undefined on input line 72.


LaTeX Warning: Citation '' on page 5 undefined on input line 72.


LaTeX Warning: Citation 'choudhri2005explaining' on page 5 undefined on input l
ine 72.


LaTeX Warning: Citation '' on page 5 undefined on input line 72.


LaTeX Warning: Citation 'choudhri2005explaining' on page 5 undefined on input l
ine 72.


LaTeX Warning: Citation '' on page 5 undefined on input line 72.


LaTeX Warning: Citation 'clark1999responses' on page 5 undefined on input line 
72.


LaTeX Warning: Citation '' on page 5 undefined on input line 72.


LaTeX Warning: Citation 'kabundi2016exchange' on page 5 undefined on input line
 72.


LaTeX Warning: Citation '' on page 5 undefined on input line 72.


LaTeX Warning: Citation 'parsley2012exchange' on page 5 undefined on input line
 72.


LaTeX Warning: Citation '' on page 5 undefined on input line 72.


LaTeX Warning: Citation 'jooste2014determinants' on page 5 undefined on input l
ine 72.


LaTeX Warning: Citation '' on page 5 undefined on input line 72.


LaTeX Warning: Citation 'parsley2012exchange' on page 5 undefined on input line
 72.


LaTeX Warning: Citation '' on page 5 undefined on input line 72.


Overfull \hbox (123.51747pt too wide) in paragraph at lines 72--73
[]\OT1/ptm/m/n/12 Empirical ev-i-dence of damp-ened pass-through from im-port p
rices to con-sumer prices. [][]
 []


Overfull \hbox (119.4469pt too wide) in paragraph at lines 72--73
\OT1/ptm/m/n/12 ERPT es-ti-mates are re-ported for PPI and CPI in the cross-cou
ntry study in [][].
 []


Overfull \hbox (131.26826pt too wide) in paragraph at lines 72--73
\OT1/ptm/m/n/12 shocks re-ported in [][]. For South Africa, [][]
 []


Overfull \hbox (39.5056pt too wide) in paragraph at lines 72--73
\OT1/ptm/m/n/12 first stage pass-through in their single-equation model, while 
[][]
 []


Overfull \hbox (153.08397pt too wide) in paragraph at lines 72--73
\OT1/ptm/m/n/12 es-ti-mate ERPT to con-sumer prices at 14% to 27% in a panel sp
ec-i-fi-ca-tion. Un-like [][],
 []


LaTeX Warning: Citation 'mccarthy1999' on page 5 undefined on input line 74.


LaTeX Warning: Citation '' on page 5 undefined on input line 74.


LaTeX Warning: Citation 'hahn2003' on page 5 undefined on input line 74.


LaTeX Warning: Citation '' on page 5 undefined on input line 74.



[5]

LaTeX Warning: Citation 'mccarthy1999' on page 6 undefined on input line 80.


LaTeX Warning: Citation '' on page 6 undefined on input line 80.


LaTeX Warning: Citation 'choudhri2015exchange' on page 6 undefined on input lin
e 80.


LaTeX Warning: Citation '' on page 6 undefined on input line 80.


LaTeX Warning: Citation 'choudhri2005explaining' on page 6 undefined on input l
ine 80.


LaTeX Warning: Citation 'kilian2009' on page 6 undefined on input line 80.


LaTeX Warning: Citation 'Kanzig' on page 6 undefined on input line 80.


Overfull \hbox (56.13739pt too wide) in paragraph at lines 80--81
[][] \OT1/ptm/m/n/12 and sub-se-quently used by [][].
 []


LaTeX Warning: Citation 'sims1980' on page 6 undefined on input line 104.


LaTeX Warning: Citation '' on page 6 undefined on input line 104.


LaTeX Warning: Citation 'mccarthy1999' on page 6 undefined on input line 104.


LaTeX Warning: Citation 'BlanchardWatson1986' on page 6 undefined on input line
 104.


LaTeX Warning: Citation '' on page 6 undefined on input line 104.


LaTeX Warning: Citation 'sims1986forecasting' on page 6 undefined on input line
 104.


LaTeX Warning: Citation '' on page 6 undefined on input line 104.



[6]

[7]

LaTeX Warning: Citation 'Jorda2005' on page 8 undefined on input line 128.


LaTeX Warning: Citation '' on page 8 undefined on input line 128.


LaTeX Warning: Citation 'EDELSTEIN2009766' on page 8 undefined on input line 13
4.


LaTeX Warning: Citation 'hamilton-herrera' on page 8 undefined on input line 13
4.


LaTeX Warning: Citation 'mccarthy1999' on page 8 undefined on input line 134.


LaTeX Warning: Citation '' on page 8 undefined on input line 134.


LaTeX Warning: Citation 'Lutkepohl' on page 8 undefined on input line 134.



[8]

LaTeX Warning: Citation 'Kanzig' on page 9 undefined on input line 141.


LaTeX Warning: Citation '' on page 9 undefined on input line 141.


LaTeX Warning: Citation 'romer_romer' on page 9 undefined on input line 141.


LaTeX Warning: Citation '' on page 9 undefined on input line 141.


LaTeX Warning: Citation 'mccarthy1999' on page 9 undefined on input line 141.


LaTeX Warning: Citation '' on page 9 undefined on input line 141.


Overfull \hbox (26.58247pt too wide) in paragraph at lines 141--142
\OT1/ptm/m/n/12 shocks is neg-li-gi-ble, mak-ing it a su-pe-rior ap-proach to t
hat used in [][],
 []


LaTeX Warning: Citation 'denton1971' on page 9 undefined on input line 145.


LaTeX Warning: Citation '' on page 9 undefined on input line 145.


LaTeX Warning: Citation 'DagumCholette2006' on page 9 undefined on input line 1
45.


Overfull \hbox (25.01167pt too wide) in paragraph at lines 145--146
\OT1/ptm/m/n/12 point as, un-like in-te-rior data points, there is only one low
-frequency con-straint [].
 []


Overfull \hbox (56.7959pt too wide) in paragraph at lines 147--147
[][][]\OT1/ptm/m/n/10 a de-tailed de-scrip-tion of the method-ol-ogy is avail-a
ble at https://www.resbank.co.za/content/dam/sarb/publications/quarterly-
 []


Underfull \hbox (badness 10000) in paragraph at lines 147--147
\OT1/ptm/m/n/10 bulletins/quarterly-bulletin-publications/2020/10091/03Note-on-
the-revision-of-South-Africas-nominal-and-real-
 []


LaTeX Warning: Citation 'mccarthy1999' on page 9 undefined on input line 147.

LaTeX Font Info:    Font shape `OML/ptm/b/n' in size <10> not available
(Font)              Font shape `OML/cmm/b/it' tried instead on input line 147.

LaTeX Warning: Citation '' on page 9 undefined on input line 147.


LaTeX Warning: Citation 'Karoroetal2008' on page 9 undefined on input line 147.



LaTeX Warning: Citation '' on page 9 undefined on input line 147.


LaTeX Warning: Citation 'aronetal2012' on page 9 undefined on input line 147.


LaTeX Warning: Citation '' on page 9 undefined on input line 147.


LaTeX Warning: Citation 'choudri2015exchange' on page 9 undefined on input line
 147.


LaTeX Warning: Citation '' on page 9 undefined on input line 147.


LaTeX Warning: Citation 'kabundi2016exchange' on page 9 undefined on input line
 147.


LaTeX Warning: Citation '' on page 9 undefined on input line 147.


Underfull \hbox (badness 10000) in paragraph at lines 147--147
[][][]\OT1/ptm/m/n/10 See [][], [][],
 []


Overfull \hbox (34.82457pt too wide) in paragraph at lines 147--147
[][]\OT1/ptm/m/n/10 ,[][], [][]| 
 []



[9]

LaTeX Warning: Citation 'StatsSA2025XUVI' on page 10 undefined on input line 14
9.


LaTeX Warning: Reference `sec:Appendix' on page 10 undefined on input line 155.


(./main_results.txt)

[10]
<stationarity_combined.png, id=93, 722.7pt x 722.7pt>
File: stationarity_combined.png Graphic file (type png)
<use stationarity_combined.png>
Package pdftex.def Info: stationarity_combined.png  used on input line 175.
(pdftex.def)             Requested size: 452.96826pt x 452.96558pt.


[11
pdfTeX warning (ext4): destination with the same identifier (name{table.1}) has
 been already used, duplicate ignored
<argument> ...shipout:D \box_use:N \l_shipout_box 
                                                  \__shipout_drop_firstpage_...
l.179 
      ] (./adf_results.txt)

[12
pdfTeX warning (ext4): destination with the same identifier (name{figure.1}) ha
s been already used, duplicate ignored
<argument> ...shipout:D \box_use:N \l_shipout_box 
                                                  \__shipout_drop_firstpage_...
l.181 \begin{minipage}{\linewidth}
                                   <./stationarity_combined.png>]

[13
pdfTeX warning (ext4): destination with the same identifier (name{table.2}) has
 been already used, duplicate ignored
<argument> ...shipout:D \box_use:N \l_shipout_box 
                                                  \__shipout_drop_firstpage_...
l.186 \newpage
              ]

LaTeX Warning: Empty bibliography on input line 187.

(./main.aux)
 ***********
LaTeX2e <2024-11-01> patch level 2
L3 programming layer <2025-01-18>
 ***********


LaTeX Warning: There were undefined references.

Package rerunfilecheck Info: File `main.out' has not changed.
(rerunfilecheck)             Checksum: D41D8CD98F00B204E9800998ECF8427E;0.

Package biblatex Warning: Please (re)run Biber on the file:
(biblatex)                main
(biblatex)                and rerun LaTeX afterwards.

Package logreq Info: Writing requests to 'main.run.xml'.
\openout1 = `main.run.xml'.

 ) 
Here is how much of TeX's memory you used:
 19733 strings out of 473190
 342342 string characters out of 5715800
 1308979 words of memory out of 5000000
 42695 multiletter control sequences out of 15000+600000
 584892 words of font info for 82 fonts, out of 8000000 for 9000
 1141 hyphenation exceptions out of 8191
 75i,16n,81p,2044b,5052s stack positions out of 10000i,1000n,20000p,200000b,200000s
</usr/local/texlive/2025/texmf-dist/fonts/type1/public/amsfonts/cm/cmex10.pfb
></usr/local/texlive/2025/texmf-dist/fonts/type1/public/amsfonts/cm/cmmi12.pfb>
</usr/local/texlive/2025/texmf-dist/fonts/type1/public/amsfonts/cm/cmmi8.pfb></
usr/local/texlive/2025/texmf-dist/fonts/type1/public/amsfonts/cm/cmmib10.pfb></
usr/local/texlive/2025/texmf-dist/fonts/type1/public/amsfonts/cm/cmr12.pfb></us
r/local/texlive/2025/texmf-dist/fonts/type1/public/amsfonts/cm/cmr7.pfb></usr/l
ocal/texlive/2025/texmf-dist/fonts/type1/public/amsfonts/cm/cmr8.pfb></usr/loca
l/texlive/2025/texmf-dist/fonts/type1/public/amsfonts/cm/cmsy10.pfb></usr/local
/texlive/2025/texmf-dist/fonts/type1/public/amsfonts/cm/cmsy8.pfb></usr/local/t
exlive/2025/texmf-dist/fonts/type1/urw/times/utmb8a.pfb></usr/local/texlive/202
5/texmf-dist/fonts/type1/urw/times/utmr8a.pfb></usr/local/texlive/2025/texmf-di
st/fonts/type1/urw/times/utmri8a.pfb>
Output written on main.pdf (13 pages, 1484621 bytes).
PDF statistics:
 183 PDF objects out of 1000 (max. 8388607)
 141 compressed objects within 2 object streams
 48 named destinations out of 1000 (max. 500000)
 6 words of extra memory for PDF output out of 10000 (max. 10000000)

