\BOOKMARK [1][-]{section.1}{\376\377\000I\000n\000t\000r\000o\000d\000u\000c\000t\000i\000o\000n}{}% 1
\BOOKMARK [1][-]{section.2}{\376\377\000L\000i\000t\000e\000r\000a\000t\000u\000r\000e\000\040\000R\000e\000v\000i\000e\000w}{}% 2
\BOOKMARK [1][-]{section.3}{\376\377\000M\000e\000t\000h\000o\000d\000o\000l\000o\000g\000y}{}% 3
\BOOKMARK [1][-]{section.4}{\376\377\000D\000a\000t\000a}{}% 4
\BOOKMARK [1][-]{section.5}{\376\377\000M\000a\000i\000n\000\040\000R\000e\000s\000u\000l\000t\000s}{}% 5
\BOOKMARK [2][-]{subsection.5.1}{\376\377\000I\000m\000p\000u\000l\000s\000e\000\040\000R\000e\000s\000p\000o\000n\000s\000e\000\040\000F\000u\000n\000c\000t\000i\000o\000n}{section.5}% 6
\BOOKMARK [2][-]{subsection.5.2}{\376\377\000V\000a\000r\000i\000a\000n\000c\000e\000\040\000D\000e\000c\000o\000m\000p\000o\000s\000i\000t\000i\000o\000n\000s}{section.5}% 7
\BOOKMARK [2][-]{subsection.5.3}{\376\377\000H\000i\000s\000t\000o\000r\000i\000c\000a\000l\000\040\000C\000o\000n\000t\000r\000i\000b\000u\000t\000i\000o\000n\000s}{section.5}% 8
\BOOKMARK [1][-]{section.6}{\376\377\000R\000o\000b\000u\000s\000t\000n\000e\000s\000s\000\040\000C\000h\000e\000c\000k\000s}{}% 9
\BOOKMARK [2][-]{subsection.6.1}{\376\377\000L\000a\000g\000\040\000L\000e\000n\000g\000t\000h}{section.6}% 10
\BOOKMARK [2][-]{subsection.6.2}{\376\377\000E\000n\000d\000o\000g\000e\000n\000o\000u\000s\000\040\000O\000i\000l\000\040\000S\000h\000o\000c\000k\000s}{section.6}% 11
\BOOKMARK [2][-]{subsection.6.3}{\376\377\000M\000o\000n\000e\000t\000a\000r\000y\000\040\000P\000o\000l\000i\000c\000y}{section.6}% 12
\BOOKMARK [2][-]{subsection.6.4}{\376\377\000L\000i\000n\000e\000a\000r\000\040\000P\000r\000o\000j\000e\000c\000t\000i\000o\000n\000s}{section.6}% 13
\BOOKMARK [1][-]{section.7}{\376\377\000A\000p\000p\000e\000n\000d\000i\000x}{}% 14
\BOOKMARK [2][-]{subsection.7.1}{\376\377\000R\000e\000s\000u\000l\000t\000s}{section.7}% 15
\BOOKMARK [2][-]{subsection.7.2}{\376\377\000D\000i\000a\000g\000n\000o\000s\000t\000i\000c\000s}{section.7}% 16
\BOOKMARK [2][-]{subsection.7.3}{\376\377\000C\000h\000o\000w\000-\000L\000i\000n\000\040\000D\000i\000s\000a\000g\000g\000r\000e\000g\000a\000t\000i\000o\000n}{section.7}% 17
\BOOKMARK [3][-]{subsubsection.7.3.1}{\376\377\000S\000t\000a\000t\000i\000o\000n\000a\000r\000i\000t\000y}{subsection.7.3}% 18
\BOOKMARK [3][-]{subsubsection.7.3.2}{\376\377\000N\000o\000r\000m\000a\000l\000i\000t\000y}{subsection.7.3}% 19
\BOOKMARK [2][-]{subsection.7.4}{\376\377\000L\000a\000g\000\040\000S\000e\000l\000e\000c\000t\000i\000o\000n}{section.7}% 20
\BOOKMARK [2][-]{subsection.7.5}{\376\377\000C\000o\000r\000r\000e\000l\000a\000t\000i\000o\000n\000s}{section.7}% 21
\BOOKMARK [2][-]{subsection.7.6}{\376\377\000L\000i\000n\000k\000i\000n\000g\000\040\000T\000e\000s\000t\000s}{section.7}% 22
\BOOKMARK [3][-]{subsubsection.7.6.1}{\376\377\000S\000I\000C\000\040\000a\000n\000d\000\040\000U\000V\000I\000\040\000\050\000A\000r\000i\000t\000h\000m\000e\000t\000i\000c\000\051}{subsection.7.6}% 23
\BOOKMARK [3][-]{subsubsection.7.6.2}{\376\377\000U\000V\000I\000\040\000\050\000A\000r\000i\000t\000h\000m\000e\000t\000i\000c\000\051\000\040\000a\000n\000d\000\040\000U\000V\000I\000\040\000\050\000G\000e\000o\000m\000e\000t\000r\000i\000c\000\051}{subsection.7.6}% 24
